{"appid":"wx49fc4dbf57c8d0af","mch_id":"1449560002","nonce_str":"4CTCTjaUcmDHmsXk","prepay_id":"wx20170408112651e42f38c58a0027669215","result_code":"SUCCESS","return_code":"SUCCESS","return_msg":"OK","sign":"89E9CC1D7717EEDC7F6635DC6677E097","trade_type":"JSAPI"}

{"appid":"wx49fc4dbf57c8d0af","mch_id":"1449560002","nonce_str":"PWEXQThfnPqt55Cz","prepay_id":"wx201704081128433f3cbca1420904650777","result_code":"SUCCESS","return_code":"SUCCESS","return_msg":"OK","sign":"B00D00A56EC96760198831075C7773DA","trade_type":"JSAPI"}

{"appid":"wx49fc4dbf57c8d0af","mch_id":"1449560002","nonce_str":"bSyfjiVpinCDxjZl","prepay_id":"wx201704081130048e324def7b0512219314","result_code":"SUCCESS","return_code":"SUCCESS","return_msg":"OK","sign":"93C75B148B794ACAD27A747551F247B4","trade_type":"JSAPI"}

{"return_code":"FAIL","return_msg":"JSAPI\u652f\u4ed8\u5fc5\u987b\u4f20openid"}

{"return_code":"FAIL","return_msg":"JSAPI\u652f\u4ed8\u5fc5\u987b\u4f20openid"}

{"return_code":"FAIL","return_msg":"JSAPI\u652f\u4ed8\u5fc5\u987b\u4f20openid"}

{"appid":"wx49fc4dbf57c8d0af","mch_id":"1449560002","nonce_str":"7gs8a2AOYXucc1V9","prepay_id":"wx20170408153059088faf15150384978510","result_code":"SUCCESS","return_code":"SUCCESS","return_msg":"OK","sign":"A872FF5CE536766D597FFCA7BC6EDA10","trade_type":"JSAPI"}

{"appid":"wx49fc4dbf57c8d0af","mch_id":"1449560002","nonce_str":"4l7fyV0a16hR23uV","prepay_id":"wx2017040815314048d3cc64640057387316","result_code":"SUCCESS","return_code":"SUCCESS","return_msg":"OK","sign":"A266B76A95CC2E27EF662A7C43156DE6","trade_type":"JSAPI"}

{"appid":"wx49fc4dbf57c8d0af","mch_id":"1449560002","nonce_str":"OhR7Psm0mA766h9H","prepay_id":"wx201704081540480b28bc61350739208936","result_code":"SUCCESS","return_code":"SUCCESS","return_msg":"OK","sign":"8B9798443ECFEDA4AA1EA3C93A309ADB","trade_type":"JSAPI"}

{"appid":"wx49fc4dbf57c8d0af","mch_id":"1449560002","nonce_str":"SY2dnqGW8hfoJkEg","prepay_id":"wx201704081541541934e36b250390401228","result_code":"SUCCESS","return_code":"SUCCESS","return_msg":"OK","sign":"5936C6DBF621E935B8FC30A88C3DF5B3","trade_type":"JSAPI"}

{"appid":"wx49fc4dbf57c8d0af","mch_id":"1449560002","nonce_str":"8qZcuE7NfuWIgWh8","prepay_id":"wx2017040815565319d7f1db0d0380166920","result_code":"SUCCESS","return_code":"SUCCESS","return_msg":"OK","sign":"851E36FC80F7653454758D3E9F50B0C0","trade_type":"JSAPI"}

{"appid":"wx49fc4dbf57c8d0af","mch_id":"1449560002","nonce_str":"XWns5PqS40Bj5nzn","prepay_id":"wx2017040816003801e4ddf1020723540988","result_code":"SUCCESS","return_code":"SUCCESS","return_msg":"OK","sign":"308783E35A8448D09FEA3A16E9007674","trade_type":"JSAPI"}

{"appid":"wx49fc4dbf57c8d0af","mch_id":"1449560002","nonce_str":"Mn4LYty2rR5UqKwT","prepay_id":"wx201704081600552125f986410680217269","result_code":"SUCCESS","return_code":"SUCCESS","return_msg":"OK","sign":"9F1152775E28BA5B0EDB97BFE7C62AFA","trade_type":"JSAPI"}

{"appid":"wx49fc4dbf57c8d0af","mch_id":"1449560002","nonce_str":"F1vBsUgnteEZEThg","prepay_id":"wx20170408214825b062bf11c80511973228","result_code":"SUCCESS","return_code":"SUCCESS","return_msg":"OK","sign":"2ADB5C0ACB831AB2397648D1525910C6","trade_type":"JSAPI"}

{"return_code":"FAIL","return_msg":"JSAPI\u652f\u4ed8\u5fc5\u987b\u4f20openid"}

{"return_code":"FAIL","return_msg":"JSAPI\u652f\u4ed8\u5fc5\u987b\u4f20openid"}

{"return_code":"FAIL","return_msg":"JSAPI\u652f\u4ed8\u5fc5\u987b\u4f20openid"}

{"appid":"wx49fc4dbf57c8d0af","err_code":"INVALID_REQUEST","err_code_des":"201 \u5546\u6237\u8ba2\u5355\u53f7\u91cd\u590d","mch_id":"1449560002","nonce_str":"JLqSdsdpE6Ok9jtg","result_code":"FAIL","return_code":"SUCCESS","return_msg":"OK","sign":"A3A58C4E4E0B50024D332E819DBC13F4"}

{"appid":"wx49fc4dbf57c8d0af","mch_id":"1449560002","nonce_str":"QCzAz1kkFk0rdzHO","prepay_id":"wx20170409010812a3d114b2ec0953214828","result_code":"SUCCESS","return_code":"SUCCESS","return_msg":"OK","sign":"7A3A885DEE014809000C3E6714BD1B46","trade_type":"JSAPI"}

{"return_code":"FAIL","return_msg":"out_trade_no\u53c2\u6570\u957f\u5ea6\u6709\u8bef"}

{"return_code":"FAIL","return_msg":"JSAPI\u652f\u4ed8\u5fc5\u987b\u4f20openid"}

{"return_code":"FAIL","return_msg":"JSAPI\u652f\u4ed8\u5fc5\u987b\u4f20openid"}

{"return_code":"FAIL","return_msg":"JSAPI\u652f\u4ed8\u5fc5\u987b\u4f20openid"}

{"return_code":"FAIL","return_msg":"JSAPI\u652f\u4ed8\u5fc5\u987b\u4f20openid"}

{"return_code":"FAIL","return_msg":"JSAPI\u652f\u4ed8\u5fc5\u987b\u4f20openid"}

{"return_code":"FAIL","return_msg":"JSAPI\u652f\u4ed8\u5fc5\u987b\u4f20openid"}

{"appid":"wx49fc4dbf57c8d0af","mch_id":"1449560002","nonce_str":"uQCRpJgbjp4ZZPye","prepay_id":"wx20170504202240ff1fb638e10933516754","result_code":"SUCCESS","return_code":"SUCCESS","return_msg":"OK","sign":"02CD7B915B9B137FA974FECF48E393E5","trade_type":"JSAPI"}

{"appid":"wx49fc4dbf57c8d0af","mch_id":"1449560002","nonce_str":"vPwpdvxlfPFulN86","prepay_id":"wx201705042023178cbb0518060634098598","result_code":"SUCCESS","return_code":"SUCCESS","return_msg":"OK","sign":"B31499C94E94653AB54BD8CB2272AA81","trade_type":"JSAPI"}

{"appid":"wx49fc4dbf57c8d0af","mch_id":"1449560002","nonce_str":"4nyilCyFtyDdBcTB","prepay_id":"wx20170504202332e3d611619a0188340016","result_code":"SUCCESS","return_code":"SUCCESS","return_msg":"OK","sign":"E33695C8CE2BA14EB3A71F1483CE0266","trade_type":"JSAPI"}

{"return_code":"FAIL","return_msg":"JSAPI\u652f\u4ed8\u5fc5\u987b\u4f20openid"}

{"return_code":"FAIL","return_msg":"JSAPI\u652f\u4ed8\u5fc5\u987b\u4f20openid"}

{"return_code":"FAIL","return_msg":"JSAPI\u652f\u4ed8\u5fc5\u987b\u4f20openid"}

{"appid":"wx49fc4dbf57c8d0af","mch_id":"1449560002","nonce_str":"c81sUgwR0NM2PtiY","prepay_id":"wx20170507103504c0296c7f920461323365","result_code":"SUCCESS","return_code":"SUCCESS","return_msg":"OK","sign":"6623A1CBC1D79A534D343354C5AE19E3","trade_type":"JSAPI"}

{"appid":"wx49fc4dbf57c8d0af","mch_id":"1449560002","nonce_str":"mbNtNVEqXrolkEwf","prepay_id":"wx20170507103511d4d33a2d130821988639","result_code":"SUCCESS","return_code":"SUCCESS","return_msg":"OK","sign":"30582EB8B44F0ED492B4C2D556EB5E5E","trade_type":"JSAPI"}

