{"appid":"wx49fc4dbf57c8d0af","err_code":"INVALID_REQUEST","err_code_des":"201 \u5546\u6237\u8ba2\u5355\u53f7\u91cd\u590d","mch_id":"1449560002","nonce_str":"AI2ddncGMjIPhKP2","result_code":"FAIL","return_code":"SUCCESS","return_msg":"OK","sign":"C7B5564FCEA5719139222DC505A30CA4"}{"appid":"wx49fc4dbf57c8d0af","err_code":"INVALID_REQUEST","err_code_des":"201 \u5546\u6237\u8ba2\u5355\u53f7\u91cd\u590d","mch_id":"1449560002","nonce_str":"9z4OhNcsnWvfzSzm","result_code":"FAIL","return_code":"SUCCESS","return_msg":"OK","sign":"8DDDB0A7198670AE67FF35A1B7FD4EB4"}{"return_code":"FAIL","return_msg":"JSAPI\u652f\u4ed8\u5fc5\u987b\u4f20openid"}

{"return_code":"FAIL","return_msg":"JSAPI\u652f\u4ed8\u5fc5\u987b\u4f20openid"}

{"return_code":"FAIL","return_msg":"JSAPI\u652f\u4ed8\u5fc5\u987b\u4f20openid"}

{"return_code":"FAIL","return_msg":"JSAPI\u652f\u4ed8\u5fc5\u987b\u4f20openid"}

{"appid":"wx49fc4dbf57c8d0af","mch_id":"1449560002","nonce_str":"TkmCAkJdvMt7o2zt","prepay_id":"wx20170407152812817d8aab2d0305268487","result_code":"SUCCESS","return_code":"SUCCESS","return_msg":"OK","sign":"4DF8E1E2076DCCB19F72CFF6A03F6C8E","trade_type":"JSAPI"}

{"appid":"wx49fc4dbf57c8d0af","err_code":"INVALID_REQUEST","err_code_des":"201 \u5546\u6237\u8ba2\u5355\u53f7\u91cd\u590d","mch_id":"1449560002","nonce_str":"rKTPF6cSgNv8QopA","result_code":"FAIL","return_code":"SUCCESS","return_msg":"OK","sign":"36703C0CCB07B5A8E98066A4CB910488"}

{"appid":"wx49fc4dbf57c8d0af","mch_id":"1449560002","nonce_str":"JKZ7PRlzoihrtVgc","prepay_id":"wx201704071533317f6495de160495834812","result_code":"SUCCESS","return_code":"SUCCESS","return_msg":"OK","sign":"65F9DA83DCE7287427F21ED501AE1CF6","trade_type":"JSAPI"}

{"appid":"wx49fc4dbf57c8d0af","mch_id":"1449560002","nonce_str":"OAkJwLO7J4fI76XA","prepay_id":"wx20170407153405d8485939830854709089","result_code":"SUCCESS","return_code":"SUCCESS","return_msg":"OK","sign":"ACF5E73CCA897E60317FB167B6ADF57F","trade_type":"JSAPI"}

{"appid":"wx49fc4dbf57c8d0af","err_code":"INVALID_REQUEST","err_code_des":"201 \u5546\u6237\u8ba2\u5355\u53f7\u91cd\u590d","mch_id":"1449560002","nonce_str":"qLMafv4IUOqnRmA9","result_code":"FAIL","return_code":"SUCCESS","return_msg":"OK","sign":"B9E3D0BAC884574F1B353AEF8D9F9660"}

{"appid":"wx49fc4dbf57c8d0af","mch_id":"1449560002","nonce_str":"r8sSKvyKXussK8AV","prepay_id":"wx20170407192722d7f18f6f800654111110","result_code":"SUCCESS","return_code":"SUCCESS","return_msg":"OK","sign":"53667AA45E30B8112240C38E5A2F7A50","trade_type":"JSAPI"}

{"appid":"wx49fc4dbf57c8d0af","mch_id":"1449560002","nonce_str":"6f9OEiJ4vy4IFjVx","prepay_id":"wx20170407192723a06062bc9b0755280935","result_code":"SUCCESS","return_code":"SUCCESS","return_msg":"OK","sign":"E25D7F6B183F22F4B9F9BF8EFFF7C03E","trade_type":"JSAPI"}

{"appid":"wx49fc4dbf57c8d0af","mch_id":"1449560002","nonce_str":"6a8BGhKNQwrfjmyd","prepay_id":"wx20170407192724d53d9e81d90419208858","result_code":"SUCCESS","return_code":"SUCCESS","return_msg":"OK","sign":"261E11F272B9D260C6CB0D79DEF1A0F9","trade_type":"JSAPI"}

{"appid":"wx49fc4dbf57c8d0af","mch_id":"1449560002","nonce_str":"O7WiCqVyGJ6zg6HZ","prepay_id":"wx20170407192724d53d9e81d90768841114","result_code":"SUCCESS","return_code":"SUCCESS","return_msg":"OK","sign":"A133641CA6B088DD8792FA89BD8EA7AA","trade_type":"JSAPI"}

{"appid":"wx49fc4dbf57c8d0af","mch_id":"1449560002","nonce_str":"lszyRUYT0o57ojgX","prepay_id":"wx20170407192724d53d9e81d90713513847","result_code":"SUCCESS","return_code":"SUCCESS","return_msg":"OK","sign":"D72AE0EC518B8DC333F0A8A9BA2EC6D5","trade_type":"JSAPI"}

{"appid":"wx49fc4dbf57c8d0af","mch_id":"1449560002","nonce_str":"Ha9duqhlY4SZnefb","prepay_id":"wx20170407192724d53d9e81d90956264673","result_code":"SUCCESS","return_code":"SUCCESS","return_msg":"OK","sign":"97693688220C6769342EF8FA3D1B9B9F","trade_type":"JSAPI"}

{"appid":"wx49fc4dbf57c8d0af","mch_id":"1449560002","nonce_str":"p9ibWIPug511C8nr","prepay_id":"wx20170407192725450ed1d6ea0084914063","result_code":"SUCCESS","return_code":"SUCCESS","return_msg":"OK","sign":"293F6D7B1F9F2BF8C0DCA3B942D706F9","trade_type":"JSAPI"}

{"appid":"wx49fc4dbf57c8d0af","mch_id":"1449560002","nonce_str":"kiuv38EDw1NpIcMv","prepay_id":"wx20170407192725450ed1d6ea0590057038","result_code":"SUCCESS","return_code":"SUCCESS","return_msg":"OK","sign":"D2FF00266D4B0117FB92338C962532FC","trade_type":"JSAPI"}

{"appid":"wx49fc4dbf57c8d0af","mch_id":"1449560002","nonce_str":"0aiX32Zx52pNTTjU","prepay_id":"wx20170407192726d6efb511590803228401","result_code":"SUCCESS","return_code":"SUCCESS","return_msg":"OK","sign":"23BD262799C8E80C08040C63BBF4AEDC","trade_type":"JSAPI"}

{"appid":"wx49fc4dbf57c8d0af","mch_id":"1449560002","nonce_str":"QKef9whlE07Gpn5p","prepay_id":"wx20170407192726d6efb511590093592755","result_code":"SUCCESS","return_code":"SUCCESS","return_msg":"OK","sign":"DF56C51A2EC7AD6ED930EB36CE80E926","trade_type":"JSAPI"}

{"appid":"wx49fc4dbf57c8d0af","mch_id":"1449560002","nonce_str":"V9LGFgp6KmFtnrep","prepay_id":"wx201704071927308b76002d5b0774382611","result_code":"SUCCESS","return_code":"SUCCESS","return_msg":"OK","sign":"09F86E3305D928A80CCB6DAEFD89512E","trade_type":"JSAPI"}

{"appid":"wx49fc4dbf57c8d0af","mch_id":"1449560002","nonce_str":"bx972FDN697YiPxI","prepay_id":"wx201704071927308b76002d5b0180059058","result_code":"SUCCESS","return_code":"SUCCESS","return_msg":"OK","sign":"69B4C80B7AD5768FE2AECC8DEB753DA5","trade_type":"JSAPI"}

{"appid":"wx49fc4dbf57c8d0af","mch_id":"1449560002","nonce_str":"i8fG97BchWIKhKn7","prepay_id":"wx201704071927308b76002d5b0238071970","result_code":"SUCCESS","return_code":"SUCCESS","return_msg":"OK","sign":"54838254F1D79A259E564A74174C2AB3","trade_type":"JSAPI"}

{"appid":"wx49fc4dbf57c8d0af","mch_id":"1449560002","nonce_str":"ORboQbkHufe727iG","prepay_id":"wx20170407192732ab385243290088070645","result_code":"SUCCESS","return_code":"SUCCESS","return_msg":"OK","sign":"154169BD4289B7CA31BC8AD48CCBFDBD","trade_type":"JSAPI"}

{"appid":"wx49fc4dbf57c8d0af","mch_id":"1449560002","nonce_str":"7CVfn70Bj13ehKiz","prepay_id":"wx201704071927330e14667b860155622784","result_code":"SUCCESS","return_code":"SUCCESS","return_msg":"OK","sign":"F9A0261001BBE026A9678D621B0A6210","trade_type":"JSAPI"}

{"appid":"wx49fc4dbf57c8d0af","mch_id":"1449560002","nonce_str":"9QhTknqWsmZaITrE","prepay_id":"wx201704071927330e14667b860848505492","result_code":"SUCCESS","return_code":"SUCCESS","return_msg":"OK","sign":"D4C2B1CD8441D5EC39F95B9868943E70","trade_type":"JSAPI"}

{"appid":"wx49fc4dbf57c8d0af","mch_id":"1449560002","nonce_str":"VCHvFlDZgnaAcZvQ","prepay_id":"wx20170407192734cf08be191b0271915327","result_code":"SUCCESS","return_code":"SUCCESS","return_msg":"OK","sign":"EFB8CB46CD189EE31D8B947450158307","trade_type":"JSAPI"}

{"appid":"wx49fc4dbf57c8d0af","mch_id":"1449560002","nonce_str":"W2yh1OPQSYT3QyrY","prepay_id":"wx20170407192734cf08be191b0581717908","result_code":"SUCCESS","return_code":"SUCCESS","return_msg":"OK","sign":"0C1CB51CABDC0C88B64B49C599E3565E","trade_type":"JSAPI"}

{"appid":"wx49fc4dbf57c8d0af","mch_id":"1449560002","nonce_str":"SwdaGBMvK5uOfGDK","prepay_id":"wx20170407192734cf08be191b0676167724","result_code":"SUCCESS","return_code":"SUCCESS","return_msg":"OK","sign":"EF79D956ABA672088B36EB6D3B40C5D6","trade_type":"JSAPI"}

{"appid":"wx49fc4dbf57c8d0af","mch_id":"1449560002","nonce_str":"DP4wNrOyjgJykexd","prepay_id":"wx20170407192734cf08be191b0989146415","result_code":"SUCCESS","return_code":"SUCCESS","return_msg":"OK","sign":"9FC5EC3CCBE2B1B72FFDC50182882D75","trade_type":"JSAPI"}

{"appid":"wx49fc4dbf57c8d0af","err_code":"INVALID_REQUEST","err_code_des":"201 \u5546\u6237\u8ba2\u5355\u53f7\u91cd\u590d","mch_id":"1449560002","nonce_str":"yHf8o3vXsP7JWiUw","result_code":"FAIL","return_code":"SUCCESS","return_msg":"OK","sign":"2502207DE945E17D3C61D717EFA6A151"}

{"appid":"wx49fc4dbf57c8d0af","mch_id":"1449560002","nonce_str":"41tofRpFbiMqbzEB","prepay_id":"wx201704071928353c1ce8d0770242760460","result_code":"SUCCESS","return_code":"SUCCESS","return_msg":"OK","sign":"D72BDEE9A217B626E8A6246CFBFFF79F","trade_type":"JSAPI"}

{"appid":"wx49fc4dbf57c8d0af","mch_id":"1449560002","nonce_str":"IxnFOnkcQsLr7HTI","prepay_id":"wx2017040719290834364b95de0265946614","result_code":"SUCCESS","return_code":"SUCCESS","return_msg":"OK","sign":"11EDD170C91D27330819DC4F45147EE8","trade_type":"JSAPI"}

{"appid":"wx49fc4dbf57c8d0af","mch_id":"1449560002","nonce_str":"PIwKZBHrepvdDTwg","prepay_id":"wx201704071929098a432d82b90112798591","result_code":"SUCCESS","return_code":"SUCCESS","return_msg":"OK","sign":"50126C250A7D5474221B7674EE00D442","trade_type":"JSAPI"}

{"appid":"wx49fc4dbf57c8d0af","mch_id":"1449560002","nonce_str":"OF4FSIIuAwOQVGJQ","prepay_id":"wx201704071929098a432d82b90847711686","result_code":"SUCCESS","return_code":"SUCCESS","return_msg":"OK","sign":"C26EEC8BC59EDF45E85E29599117DE22","trade_type":"JSAPI"}

{"appid":"wx49fc4dbf57c8d0af","mch_id":"1449560002","nonce_str":"6ZDsjTZD6SmxFRhk","prepay_id":"wx201704071929098a432d82b90975149332","result_code":"SUCCESS","return_code":"SUCCESS","return_msg":"OK","sign":"52D8E334A2BB67DFA824AA9E3D7561D5","trade_type":"JSAPI"}

{"appid":"wx49fc4dbf57c8d0af","mch_id":"1449560002","nonce_str":"0swiGgEsyImuFLgm","prepay_id":"wx201704071929098a432d82b90756054064","result_code":"SUCCESS","return_code":"SUCCESS","return_msg":"OK","sign":"2F5F31747808A8060A50F201B4730ECF","trade_type":"JSAPI"}

{"appid":"wx49fc4dbf57c8d0af","mch_id":"1449560002","nonce_str":"8lkubXIv908okKY5","prepay_id":"wx20170407192910d52005b2c70102210284","result_code":"SUCCESS","return_code":"SUCCESS","return_msg":"OK","sign":"4A9ECC29E1AC4C4B42E20E1866EF566D","trade_type":"JSAPI"}

{"appid":"wx49fc4dbf57c8d0af","mch_id":"1449560002","nonce_str":"kvTMs0W3qxlC91se","prepay_id":"wx201704071929112dd868ab7f0135194164","result_code":"SUCCESS","return_code":"SUCCESS","return_msg":"OK","sign":"5B38F392F04599126A171AEFABF5DF3D","trade_type":"JSAPI"}

{"appid":"wx49fc4dbf57c8d0af","mch_id":"1449560002","nonce_str":"BFeLpbdeHEIrTv01","prepay_id":"wx20170407192912bc0bbe29c00086423268","result_code":"SUCCESS","return_code":"SUCCESS","return_msg":"OK","sign":"21EBB1B8CD2D0C0A3D4A64DF5CF0215B","trade_type":"JSAPI"}

{"appid":"wx49fc4dbf57c8d0af","mch_id":"1449560002","nonce_str":"QhnaEPdvRxIo5RkM","prepay_id":"wx20170407192912bc0bbe29c00951159135","result_code":"SUCCESS","return_code":"SUCCESS","return_msg":"OK","sign":"D3B164FE081E0EF339D3CC2BF48A3E63","trade_type":"JSAPI"}

{"appid":"wx49fc4dbf57c8d0af","mch_id":"1449560002","nonce_str":"k724LYlBfSRa44ib","prepay_id":"wx20170407192912bc0bbe29c00510880166","result_code":"SUCCESS","return_code":"SUCCESS","return_msg":"OK","sign":"D8E7F094B19214DEE7A733F111F60862","trade_type":"JSAPI"}

{"appid":"wx49fc4dbf57c8d0af","mch_id":"1449560002","nonce_str":"42syqw6KkEEGke8v","prepay_id":"wx201704071929389c0f420bd40412448177","result_code":"SUCCESS","return_code":"SUCCESS","return_msg":"OK","sign":"6C14BB201C578340CEC5BC320FDB7F78","trade_type":"JSAPI"}

{"appid":"wx49fc4dbf57c8d0af","mch_id":"1449560002","nonce_str":"UABcuNwUXS68NtV6","prepay_id":"wx201704071929404e9b1a0c600823564067","result_code":"SUCCESS","return_code":"SUCCESS","return_msg":"OK","sign":"586B5D6314D7015D332414324FC98233","trade_type":"JSAPI"}

{"appid":"wx49fc4dbf57c8d0af","mch_id":"1449560002","nonce_str":"kqWrCjEzytHid8Ji","prepay_id":"wx201704071929404e9b1a0c600925819906","result_code":"SUCCESS","return_code":"SUCCESS","return_msg":"OK","sign":"16940CD6C35910BBAC69C89930AD665E","trade_type":"JSAPI"}

{"appid":"wx49fc4dbf57c8d0af","mch_id":"1449560002","nonce_str":"ONLDTwPpqvvHq6yF","prepay_id":"wx201704071929404e9b1a0c600416736535","result_code":"SUCCESS","return_code":"SUCCESS","return_msg":"OK","sign":"254B75A44923C44FCAB36F3D7066424A","trade_type":"JSAPI"}

{"appid":"wx49fc4dbf57c8d0af","mch_id":"1449560002","nonce_str":"TkmeT5RbkqU0yi0S","prepay_id":"wx201704071929404e9b1a0c600154486868","result_code":"SUCCESS","return_code":"SUCCESS","return_msg":"OK","sign":"DBBCCF7A2160B0DA40DE9DDB897179DF","trade_type":"JSAPI"}

{"appid":"wx49fc4dbf57c8d0af","mch_id":"1449560002","nonce_str":"ONuxDrWITAbVbQbw","prepay_id":"wx201704071929411bde892d690744513247","result_code":"SUCCESS","return_code":"SUCCESS","return_msg":"OK","sign":"57B845DF3A17CB2D858DC7510CE42C91","trade_type":"JSAPI"}

{"appid":"wx49fc4dbf57c8d0af","mch_id":"1449560002","nonce_str":"abnHwdya9cAjum4D","prepay_id":"wx201704071929411bde892d690128622167","result_code":"SUCCESS","return_code":"SUCCESS","return_msg":"OK","sign":"4A888368E745463A821BF0253329505F","trade_type":"JSAPI"}

{"appid":"wx49fc4dbf57c8d0af","mch_id":"1449560002","nonce_str":"uqJbqO50BSd1H6xH","prepay_id":"wx201704071929411bde892d690161564916","result_code":"SUCCESS","return_code":"SUCCESS","return_msg":"OK","sign":"45B86B68E30F42AF5A33CBEB2D3793A3","trade_type":"JSAPI"}

{"appid":"wx49fc4dbf57c8d0af","mch_id":"1449560002","nonce_str":"mqXHZz81RNE9oYy9","prepay_id":"wx201704071929411bde892d690704668809","result_code":"SUCCESS","return_code":"SUCCESS","return_msg":"OK","sign":"DAB81647A8A4B79B8271E68D2A15BDE4","trade_type":"JSAPI"}

{"appid":"wx49fc4dbf57c8d0af","mch_id":"1449560002","nonce_str":"vkZeG6ow76Jxen2l","prepay_id":"wx20170407192942fc22d4e59f0874270145","result_code":"SUCCESS","return_code":"SUCCESS","return_msg":"OK","sign":"463323767CBD1F9824389FFCFE762EB2","trade_type":"JSAPI"}

{"appid":"wx49fc4dbf57c8d0af","mch_id":"1449560002","nonce_str":"xjwUeO31g07HjHxo","prepay_id":"wx20170407192942fc22d4e59f0770793009","result_code":"SUCCESS","return_code":"SUCCESS","return_msg":"OK","sign":"AD2EEEC530545D58FB6644D21C0F8EE4","trade_type":"JSAPI"}

{"appid":"wx49fc4dbf57c8d0af","mch_id":"1449560002","nonce_str":"O4mO70htWtSsaYb6","prepay_id":"wx20170407192942fc22d4e59f0924469411","result_code":"SUCCESS","return_code":"SUCCESS","return_msg":"OK","sign":"78A1E3869E673505A4632CEC4E9BEBA9","trade_type":"JSAPI"}

{"appid":"wx49fc4dbf57c8d0af","mch_id":"1449560002","nonce_str":"gImtQTZFRS1Dkpdl","prepay_id":"wx20170407193011b263dfdd260164671602","result_code":"SUCCESS","return_code":"SUCCESS","return_msg":"OK","sign":"1C4640F45FDF1E17DA4A60AE6E52E55F","trade_type":"JSAPI"}

{"appid":"wx49fc4dbf57c8d0af","mch_id":"1449560002","nonce_str":"BXbDAz1m40Nr1Yzh","prepay_id":"wx20170407193016f2d9bcafda0001479001","result_code":"SUCCESS","return_code":"SUCCESS","return_msg":"OK","sign":"7A7794D83A760AA9CB8CA3E61EB8B878","trade_type":"JSAPI"}

{"appid":"wx49fc4dbf57c8d0af","mch_id":"1449560002","nonce_str":"u5C2pQ8RY0acOAAC","prepay_id":"wx20170407193020b7128586970516838485","result_code":"SUCCESS","return_code":"SUCCESS","return_msg":"OK","sign":"CF1AC044BB0302A840FF89CA0BADCF5B","trade_type":"JSAPI"}

{"appid":"wx49fc4dbf57c8d0af","mch_id":"1449560002","nonce_str":"tJMI42fpTxF3lpSk","prepay_id":"wx2017040719312346ab685ac90955710917","result_code":"SUCCESS","return_code":"SUCCESS","return_msg":"OK","sign":"AAAB10D115C275453EF9DF416E8F9628","trade_type":"JSAPI"}

{"appid":"wx49fc4dbf57c8d0af","mch_id":"1449560002","nonce_str":"OL2n6Wzm2lMIkRcN","prepay_id":"wx2017040719312346ab685ac90636443284","result_code":"SUCCESS","return_code":"SUCCESS","return_msg":"OK","sign":"209C177B81A3C6B2CE8C484FA8C1FD5F","trade_type":"JSAPI"}

{"appid":"wx49fc4dbf57c8d0af","mch_id":"1449560002","nonce_str":"jgnpJo2K7Mukv93w","prepay_id":"wx2017040719312346ab685ac90035741925","result_code":"SUCCESS","return_code":"SUCCESS","return_msg":"OK","sign":"50880A627A8F34C1232750F02E070369","trade_type":"JSAPI"}

{"appid":"wx49fc4dbf57c8d0af","mch_id":"1449560002","nonce_str":"Hr04UIgiqznmrN0R","prepay_id":"wx2017040719312346ab685ac90011676550","result_code":"SUCCESS","return_code":"SUCCESS","return_msg":"OK","sign":"0634E99823C5369F467F5634D316CF2F","trade_type":"JSAPI"}

{"appid":"wx49fc4dbf57c8d0af","mch_id":"1449560002","nonce_str":"D0djqHNWJanyKSDj","prepay_id":"wx20170407193124a423368d4a0902367974","result_code":"SUCCESS","return_code":"SUCCESS","return_msg":"OK","sign":"5AD57FFCD268A467DA7F458700A46702","trade_type":"JSAPI"}

{"appid":"wx49fc4dbf57c8d0af","mch_id":"1449560002","nonce_str":"wZNtrfjRFCgw9mEW","prepay_id":"wx20170407193124a423368d4a0173331243","result_code":"SUCCESS","return_code":"SUCCESS","return_msg":"OK","sign":"626FDC9F91AE6581EE0A32713EC5D5BE","trade_type":"JSAPI"}

{"appid":"wx49fc4dbf57c8d0af","mch_id":"1449560002","nonce_str":"zCrdbTTP7i8GhxwR","prepay_id":"wx20170407193124a423368d4a0076870312","result_code":"SUCCESS","return_code":"SUCCESS","return_msg":"OK","sign":"DC70BF6582BE934FCC42E4F65BB410C9","trade_type":"JSAPI"}

{"appid":"wx49fc4dbf57c8d0af","mch_id":"1449560002","nonce_str":"U7WBmrefXgLwvNtD","prepay_id":"wx20170407193124a423368d4a0568847316","result_code":"SUCCESS","return_code":"SUCCESS","return_msg":"OK","sign":"2F6B031BA93447BDED24A3142AD5EA27","trade_type":"JSAPI"}

{"appid":"wx49fc4dbf57c8d0af","mch_id":"1449560002","nonce_str":"eITKP9u2m7VuuIu2","prepay_id":"wx20170407193124a423368d4a0264051340","result_code":"SUCCESS","return_code":"SUCCESS","return_msg":"OK","sign":"FE673BE2D3C6997E5ABA0F24E85A9245","trade_type":"JSAPI"}

{"appid":"wx49fc4dbf57c8d0af","mch_id":"1449560002","nonce_str":"KoV8hnaQ2p6Z3FOz","prepay_id":"wx20170407193129a7abe683740021133030","result_code":"SUCCESS","return_code":"SUCCESS","return_msg":"OK","sign":"482F8EB10787EF9C98CB297FE6FBC0C8","trade_type":"JSAPI"}

{"appid":"wx49fc4dbf57c8d0af","mch_id":"1449560002","nonce_str":"kBEdYPAixu6AYb0K","prepay_id":"wx201704071931431dae7e74940441554430","result_code":"SUCCESS","return_code":"SUCCESS","return_msg":"OK","sign":"19A15E782D1AE726B16D4848DEB40621","trade_type":"JSAPI"}

{"appid":"wx49fc4dbf57c8d0af","mch_id":"1449560002","nonce_str":"rJc4iRUDSRPS2Anu","prepay_id":"wx2017040719314750eba6ca680127315044","result_code":"SUCCESS","return_code":"SUCCESS","return_msg":"OK","sign":"311C38E15EAB0B451F91D6629807AD56","trade_type":"JSAPI"}

{"return_code":"FAIL","return_msg":"JSAPI\u652f\u4ed8\u5fc5\u987b\u4f20openid"}

{"return_code":"FAIL","return_msg":"JSAPI\u652f\u4ed8\u5fc5\u987b\u4f20openid"}

{"appid":"wx49fc4dbf57c8d0af","mch_id":"1449560002","nonce_str":"dpIDPUKptaHNrpw4","prepay_id":"wx2017040810153629f4a8fada0499887406","result_code":"SUCCESS","return_code":"SUCCESS","return_msg":"OK","sign":"F2AFB6BAAD61227DD5A731F9AC564355","trade_type":"JSAPI"}

{"appid":"wx49fc4dbf57c8d0af","mch_id":"1449560002","nonce_str":"7B72ljrVOtv2AkOq","prepay_id":"wx2017040811055721cfe1e4f50469527940","result_code":"SUCCESS","return_code":"SUCCESS","return_msg":"OK","sign":"A8C259712FF3B68DE77EF2F9F556394F","trade_type":"JSAPI"}

{"appid":"wx49fc4dbf57c8d0af","mch_id":"1449560002","nonce_str":"Zew08XWH5omCmVzr","prepay_id":"wx20170408110623a15b95c4ac0734693067","result_code":"SUCCESS","return_code":"SUCCESS","return_msg":"OK","sign":"D100232D867DA97D2D6336EB2356C8E1","trade_type":"JSAPI"}

{"appid":"wx49fc4dbf57c8d0af","mch_id":"1449560002","nonce_str":"MQCElboPvhUDvoix","prepay_id":"wx20170408111145ce513547520440644223","result_code":"SUCCESS","return_code":"SUCCESS","return_msg":"OK","sign":"456DCC0B65A382E529850923E9D17D36","trade_type":"JSAPI"}

{"appid":"wx49fc4dbf57c8d0af","err_code":"INVALID_REQUEST","err_code_des":"201 \u5546\u6237\u8ba2\u5355\u53f7\u91cd\u590d","mch_id":"1449560002","nonce_str":"yEvCwjOG4uIBAJos","result_code":"FAIL","return_code":"SUCCESS","return_msg":"OK","sign":"2EFDA6ACA38A12963178D695C36A919A"}

{"appid":"wx49fc4dbf57c8d0af","mch_id":"1449560002","nonce_str":"pTaqDzgJBU9qpFZq","prepay_id":"wx20170408111457af01907fa10426340023","result_code":"SUCCESS","return_code":"SUCCESS","return_msg":"OK","sign":"BFB40267B4F50E08FCBCE96ACB219FEC","trade_type":"JSAPI"}

